<?xml version="1.0" encoding="UTF-8"?>
<robot generator="Robot 3.2.2 (Python 3.9.1 on win32)" generated="20210219 16:10:13.496" rpa="false">
<suite id="s1" name="TestCase1" source="C:\Users\user\Desktop\Appium 1\Tests\TestCase1.robot">
<test id="s1-t1" name="Open_Flipkart_Application">
<kw name="launch the flipkart application">
<kw name="Open Application" library="AppiumLibrary">
<doc>Opens a new application to given Appium server.
Capabilities of appium server, Android and iOS,
Please check https://github.com/appium/appium/blob/master/docs/en/writing-running-appium/server-args.md
| *Option*            | *Man.* | *Description*     |
| remote_url          | Yes    | Appium server url |
| alias               | no     | alias             |</doc>
<arguments>
<arg>http://localhost:4723/wd/hub</arg>
<arg>platformName=android</arg>
<arg>platformVersion=10.0</arg>
<arg>deviceName=emulator-5554</arg>
<arg>appActivity=com.cricbuzz.android.lithium.app.view.activity.NyitoActivity</arg>
<arg>appPackage=com.cricbuzz.android</arg>
</arguments>
<status status="PASS" starttime="20210219 16:10:13.809" endtime="20210219 16:10:29.249"></status>
</kw>
<kw name="Sleep" library="BuiltIn">
<doc>Pauses the test executed for the given time.</doc>
<arguments>
<arg>10s</arg>
</arguments>
<msg timestamp="20210219 16:10:39.251" level="INFO">Slept 10 seconds</msg>
<status status="PASS" starttime="20210219 16:10:29.249" endtime="20210219 16:10:39.251"></status>
</kw>
<kw name="Click Element" library="AppiumLibrary">
<doc>Click element identified by `locator`.</doc>
<arguments>
<arg>id=com.cricbuzz.android:id/img_action_settings</arg>
</arguments>
<msg timestamp="20210219 16:10:39.258" level="INFO">Clicking element 'id=com.cricbuzz.android:id/img_action_settings'.</msg>
<status status="PASS" starttime="20210219 16:10:39.252" endtime="20210219 16:10:41.026"></status>
</kw>
<kw name="Sleep" library="BuiltIn">
<doc>Pauses the test executed for the given time.</doc>
<arguments>
<arg>10s</arg>
</arguments>
<msg timestamp="20210219 16:10:51.026" level="INFO">Slept 10 seconds</msg>
<status status="PASS" starttime="20210219 16:10:41.026" endtime="20210219 16:10:51.026"></status>
</kw>
<kw name="Click Text" library="AppiumLibrary">
<doc>Click text identified by ``text``.</doc>
<arguments>
<arg>OFF</arg>
</arguments>
<status status="PASS" starttime="20210219 16:10:51.026" endtime="20210219 16:10:51.347"></status>
</kw>
<kw name="Sleep" library="BuiltIn">
<doc>Pauses the test executed for the given time.</doc>
<arguments>
<arg>10s</arg>
</arguments>
<msg timestamp="20210219 16:11:01.348" level="INFO">Slept 10 seconds</msg>
<status status="PASS" starttime="20210219 16:10:51.347" endtime="20210219 16:11:01.348"></status>
</kw>
<kw name="Click Element" library="AppiumLibrary">
<doc>Click element identified by `locator`.</doc>
<arguments>
<arg>xpath=/hierarchy/android.widget.FrameLayout/android.widget.LinearLayout/android.widget.FrameLayout/android.widget.LinearLayout/android.widget.FrameLayout/android.widget.LinearLayout/android.widget.LinearLayout/android.view.ViewGroup/android.widget.ImageButton</arg>
</arguments>
<msg timestamp="20210219 16:11:01.350" level="INFO">Clicking element 'xpath=/hierarchy/android.widget.FrameLayout/android.widget.LinearLayout/android.widget.FrameLayout/android.widget.LinearLayout/android.widget.FrameLayout/android.widget.LinearLayout/android.widget.LinearLayout/android.view.ViewGroup/android.widget.ImageButton'.</msg>
<status status="PASS" starttime="20210219 16:11:01.348" endtime="20210219 16:11:01.527"></status>
</kw>
<kw name="Sleep" library="BuiltIn">
<doc>Pauses the test executed for the given time.</doc>
<arguments>
<arg>10s</arg>
</arguments>
<msg timestamp="20210219 16:11:11.528" level="INFO">Slept 10 seconds</msg>
<status status="PASS" starttime="20210219 16:11:01.527" endtime="20210219 16:11:11.528"></status>
</kw>
<kw name="Click Element" library="AppiumLibrary">
<doc>Click element identified by `locator`.</doc>
<arguments>
<arg>id=com.cricbuzz.android:id/txt_pointstable</arg>
</arguments>
<msg timestamp="20210219 16:11:11.531" level="INFO">Clicking element 'id=com.cricbuzz.android:id/txt_pointstable'.</msg>
<status status="PASS" starttime="20210219 16:11:11.528" endtime="20210219 16:11:11.687"></status>
</kw>
<status status="PASS" starttime="20210219 16:10:13.809" endtime="20210219 16:11:11.688"></status>
</kw>
<status status="PASS" starttime="20210219 16:10:13.808" endtime="20210219 16:11:11.688" critical="yes"></status>
</test>
<status status="PASS" starttime="20210219 16:10:13.498" endtime="20210219 16:11:11.691"></status>
</suite>
<statistics>
<total>
<stat pass="1" fail="0">Critical Tests</stat>
<stat pass="1" fail="0">All Tests</stat>
</total>
<tag>
</tag>
<suite>
<stat pass="1" fail="0" id="s1" name="TestCase1">TestCase1</stat>
</suite>
</statistics>
<errors>
</errors>
</robot>
