<?xml version="1.0" encoding="UTF-8"?>
<robot generator="Robot 3.2.2 (Python 3.9.1 on win32)" generated="20210212 15:00:35.419" rpa="false">
<suite id="s1" name="TestCase1" source="C:\Users\user\Desktop\Appium 1\Tests\TestCase1.robot">
<test id="s1-t1" name="Open_Application">
<kw name="Open Application" library="AppiumLibrary">
<doc>Opens a new application to given Appium server.
Capabilities of appium server, Android and iOS,
Please check https://github.com/appium/appium/blob/master/docs/en/writing-running-appium/server-args.md
| *Option*            | *Man.* | *Description*     |
| remote_url          | Yes    | Appium server url |
| alias               | no     | alias             |</doc>
<arguments>
<arg>http://localhost:4723/wd/hub</arg>
<arg>platformName=Android</arg>
<arg>deviceName=emulator-5554</arg>
<arg>appPackage=chat21.android.demo</arg>
<arg>appActivity=chat21.android.demo.SplashActivity</arg>
<arg>automationName=Uiautomator2</arg>
</arguments>
<msg timestamp="20210212 15:00:35.681" level="TRACE">Arguments: [ 'http://localhost:4723/wd/hub' | platformName='Android' | deviceName='emulator-5554' | appPackage='chat21.android.demo' | appActivity='chat21.android.demo.SplashActivity' | automationName='Uiautomator2' ]</msg>
<msg timestamp="20210212 15:00:37.693" level="DEBUG">POST http://127.0.0.1:4723/wd/hub/session {"capabilities": {"firstMatch": [{"platformName": "Android", "appium:deviceName": "emulator-5554", "appium:appPackage": "chat21.android.demo", "appium:appActivity": "chat21.android.demo.SplashActivity", "appium:automationName": "Uiautomator2"}]}, "desiredCapabilities": {"platformName": "Android", "deviceName": "emulator-5554", "appPackage": "chat21.android.demo", "appActivity": "chat21.android.demo.SplashActivity", "automationName": "Uiautomator2"}}</msg>
<msg timestamp="20210212 15:00:37.694" level="DEBUG">Starting new HTTP connection (1): 127.0.0.1:4723</msg>
<msg timestamp="20210212 15:00:46.343" level="DEBUG">http://127.0.0.1:4723 "POST /wd/hub/session HTTP/1.1" 200 929</msg>
<msg timestamp="20210212 15:00:46.344" level="DEBUG">Finished Request</msg>
<msg timestamp="20210212 15:00:46.346" level="DEBUG">Opened application with session id 23baa9fa-436e-4a2d-b10b-9f927a59e547</msg>
<msg timestamp="20210212 15:00:46.346" level="TRACE">Return: 1</msg>
<status status="PASS" starttime="20210212 15:00:35.681" endtime="20210212 15:00:46.346"></status>
</kw>
<status status="PASS" starttime="20210212 15:00:35.680" endtime="20210212 15:00:46.349" critical="yes"></status>
</test>
<status status="PASS" starttime="20210212 15:00:35.421" endtime="20210212 15:00:46.352"></status>
</suite>
<statistics>
<total>
<stat pass="1" fail="0">Critical Tests</stat>
<stat pass="1" fail="0">All Tests</stat>
</total>
<tag>
</tag>
<suite>
<stat pass="1" fail="0" id="s1" name="TestCase1">TestCase1</stat>
</suite>
</statistics>
<errors>
</errors>
</robot>
